c:\users\jędrzej\desktop\visualstudio\projekt ppo\projekt ppo\debug\projekt ppo.pch.codeanalysis
c:\users\jędrzej\desktop\visualstudio\projekt ppo\projekt ppo\debug\vc140.pdb
c:\users\jędrzej\desktop\visualstudio\projekt ppo\projekt ppo\debug\vc140.idb
c:\users\jędrzej\desktop\visualstudio\projekt ppo\projekt ppo\debug\projekt ppo.pch.codeanalysisast
c:\users\jędrzej\desktop\visualstudio\projekt ppo\projekt ppo\debug\stdafx.nativecodeanalysis.xml
c:\users\jędrzej\desktop\visualstudio\projekt ppo\projekt ppo\debug\stdafx.obj
c:\users\jędrzej\desktop\visualstudio\projekt ppo\projekt ppo\debug\projekt ppo.nativecodeanalysis.xml
c:\users\jędrzej\desktop\visualstudio\projekt ppo\projekt ppo\debug\projekt ppo.obj
c:\users\jędrzej\desktop\visualstudio\projekt ppo\debug\projekt ppo.ilk
c:\users\jędrzej\desktop\visualstudio\projekt ppo\debug\projekt ppo.exe
c:\users\jędrzej\desktop\visualstudio\projekt ppo\debug\projekt ppo.pdb
c:\users\jędrzej\desktop\visualstudio\projekt ppo\projekt ppo\debug\nativecodeanalysis.read.1.tlog
c:\users\jędrzej\desktop\visualstudio\projekt ppo\projekt ppo\debug\vc.nativecodeanalysis.all.xml
c:\users\jędrzej\desktop\visualstudio\projekt ppo\debug\projekt ppo.exe.lastcodeanalysissucceeded
c:\users\jędrzej\desktop\visualstudio\projekt ppo\projekt ppo\debug\projekt ppo.tlog\cl.command.1.tlog
c:\users\jędrzej\desktop\visualstudio\projekt ppo\projekt ppo\debug\projekt ppo.tlog\cl.read.1.tlog
c:\users\jędrzej\desktop\visualstudio\projekt ppo\projekt ppo\debug\projekt ppo.tlog\cl.write.1.tlog
c:\users\jędrzej\desktop\visualstudio\projekt ppo\projekt ppo\debug\projekt ppo.tlog\link.command.1.tlog
c:\users\jędrzej\desktop\visualstudio\projekt ppo\projekt ppo\debug\projekt ppo.tlog\link.read.1.tlog
c:\users\jędrzej\desktop\visualstudio\projekt ppo\projekt ppo\debug\projekt ppo.tlog\link.write.1.tlog
