Build started 14-01-2017 18:49:21.
     1>Project "C:\Users\Jędrzej\Desktop\Programowanie\VisualStudio\AKwB zad. IV\AKwB zad. IV\AKwB zad. IV.vcxproj" on node 2 (Build target(s)).
     1>ClCompile:
         C:\Program Files (x86)\Microsoft Visual Studio 14.0\VC\bin\CL.exe /c /ZI /nologo /W3 /WX- /sdl /Od /Oy- /D WIN32 /D _DEBUG /D _CONSOLE /D _UNICODE /D UNICODE /Gm /EHsc /RTC1 /MDd /GS /fp:precise /Zc:wchar_t /Zc:forScope /Zc:inline /Yu"stdafx.h" /Fp"Debug\AKwB zad. IV.pch" /Fo"Debug\\" /Fd"Debug\vc140.pdb" /Gd /TP /analyze- /errorReport:prompt "AKwB zad. IV.cpp"
         AKwB zad. IV.cpp
     1>c:\users\jędrzej\desktop\programowanie\visualstudio\akwb zad. iv\akwb zad. iv\akwb zad. iv.cpp(37): warning C4018: '<': signed/unsigned mismatch
     1>c:\users\jędrzej\desktop\programowanie\visualstudio\akwb zad. iv\akwb zad. iv\akwb zad. iv.cpp(44): warning C4018: '<': signed/unsigned mismatch
     1>c:\users\jędrzej\desktop\programowanie\visualstudio\akwb zad. iv\akwb zad. iv\akwb zad. iv.cpp(49): warning C4018: '<': signed/unsigned mismatch
     1>c:\users\jędrzej\desktop\programowanie\visualstudio\akwb zad. iv\akwb zad. iv\akwb zad. iv.cpp(51): warning C4018: '<': signed/unsigned mismatch
     1>c:\users\jędrzej\desktop\programowanie\visualstudio\akwb zad. iv\akwb zad. iv\akwb zad. iv.cpp(78): warning C4018: '<': signed/unsigned mismatch
     1>c:\users\jędrzej\desktop\programowanie\visualstudio\akwb zad. iv\akwb zad. iv\akwb zad. iv.cpp(93): warning C4018: '<=': signed/unsigned mismatch
     1>c:\users\jędrzej\desktop\programowanie\visualstudio\akwb zad. iv\akwb zad. iv\akwb zad. iv.cpp(97): warning C4018: '<': signed/unsigned mismatch
     1>c:\users\jędrzej\desktop\programowanie\visualstudio\akwb zad. iv\akwb zad. iv\akwb zad. iv.cpp(170): warning C4018: '<': signed/unsigned mismatch
     1>c:\users\jędrzej\desktop\programowanie\visualstudio\akwb zad. iv\akwb zad. iv\akwb zad. iv.cpp(175): warning C4018: '<': signed/unsigned mismatch
     1>c:\users\jędrzej\desktop\programowanie\visualstudio\akwb zad. iv\akwb zad. iv\akwb zad. iv.cpp(193): warning C4018: '<': signed/unsigned mismatch
     1>c:\users\jędrzej\desktop\programowanie\visualstudio\akwb zad. iv\akwb zad. iv\akwb zad. iv.cpp(219): warning C4244: 'argument': conversion from 'time_t' to 'unsigned int', possible loss of data
     1>c:\users\jędrzej\desktop\programowanie\visualstudio\akwb zad. iv\akwb zad. iv\akwb zad. iv.cpp(243): warning C4018: '<': signed/unsigned mismatch
       Link:
         C:\Program Files (x86)\Microsoft Visual Studio 14.0\VC\bin\link.exe /ERRORREPORT:PROMPT /OUT:"C:\Users\Jędrzej\Desktop\Programowanie\VisualStudio\AKwB zad. IV\Debug\AKwB zad. IV.exe" /INCREMENTAL /NOLOGO kernel32.lib user32.lib gdi32.lib winspool.lib comdlg32.lib advapi32.lib shell32.lib ole32.lib oleaut32.lib uuid.lib odbc32.lib odbccp32.lib /MANIFEST /MANIFESTUAC:"level='asInvoker' uiAccess='false'" /manifest:embed /Debug /PDB:"C:\Users\Jędrzej\Desktop\Programowanie\VisualStudio\AKwB zad. IV\Debug\AKwB zad. IV.pdb" /SUBSYSTEM:CONSOLE /TLBID:1 /DYNAMICBASE /NXCOMPAT /IMPLIB:"C:\Users\Jędrzej\Desktop\Programowanie\VisualStudio\AKwB zad. IV\Debug\AKwB zad. IV.lib" /MACHINE:X86 "Debug\AKwB zad. IV.obj"
         Debug\stdafx.obj
         AKwB zad. IV.vcxproj -> C:\Users\Jędrzej\Desktop\Programowanie\VisualStudio\AKwB zad. IV\Debug\AKwB zad. IV.exe
     1>Done Building Project "C:\Users\Jędrzej\Desktop\Programowanie\VisualStudio\AKwB zad. IV\AKwB zad. IV\AKwB zad. IV.vcxproj" (Build target(s)).

Build succeeded.

Time Elapsed 00:00:00.81
